{
  "stats": {
    "suites": 1,
    "tests": 4,
    "passes": 4,
    "pending": 0,
    "failures": 0,
    "start": "2025-11-03T18:03:09.231Z",
    "end": "2025-11-03T18:03:19.833Z",
    "duration": 10602,
    "testsRegistered": 4,
    "passPercent": 100,
    "pendingPercent": 0,
    "other": 0,
    "hasOther": false,
    "skipped": 0,
    "hasSkipped": false
  },
  "results": [
    {
      "uuid": "d2a64c86-22d9-42ce-8554-5d90d4ef20a3",
      "title": "",
      "fullFile": "cypress/e2e/features/loginPage.feature",
      "file": "cypress/e2e/features/loginPage.feature",
      "beforeHooks": [],
      "afterHooks": [],
      "tests": [],
      "suites": [
        {
          "uuid": "a23a438e-856d-49d0-908a-be67f611d0b6",
          "title": "Login feature SauceDemo web application",
          "fullFile": "",
          "file": "",
          "beforeHooks": [],
          "afterHooks": [],
          "tests": [
            {
              "title": "01 - Login with valid \"standard\" user credentials",
              "fullTitle": "Login feature SauceDemo web application 01 - Login with valid \"standard\" user credentials",
              "timedOut": null,
              "duration": 1309,
              "state": "passed",
              "speed": "fast",
              "pass": true,
              "fail": false,
              "pending": false,
              "context": null,
              "code": "const state = window.testState;\nreturn cy\n  .then(() => state.onStartScenario(scenario, indexedSteps))\n  .then(() =>\n    resolveAndRunBeforeHooks.call(this, scenario.tags, state.feature.name)\n  )\n  .then(() =>\n    indexedSteps.forEach((step) =>\n      stepTest.call(this, state, step, rowData)\n    )\n  )\n  .then(() => state.onFinishScenario(scenario));",
              "err": {},
              "uuid": "5194968a-d5e2-45f6-a93a-ef40a40b21dd",
              "parentUUID": "a23a438e-856d-49d0-908a-be67f611d0b6",
              "isHook": false,
              "skipped": false
            },
            {
              "title": "02 - Login with valid \"glitch\" user credentials",
              "fullTitle": "Login feature SauceDemo web application 02 - Login with valid \"glitch\" user credentials",
              "timedOut": null,
              "duration": 5993,
              "state": "passed",
              "speed": "medium",
              "pass": true,
              "fail": false,
              "pending": false,
              "context": null,
              "code": "const state = window.testState;\nreturn cy\n  .then(() => state.onStartScenario(scenario, indexedSteps))\n  .then(() =>\n    resolveAndRunBeforeHooks.call(this, scenario.tags, state.feature.name)\n  )\n  .then(() =>\n    indexedSteps.forEach((step) =>\n      stepTest.call(this, state, step, rowData)\n    )\n  )\n  .then(() => state.onFinishScenario(scenario));",
              "err": {},
              "uuid": "a68cf802-f2ca-4cae-83ea-32405ed8dc88",
              "parentUUID": "a23a438e-856d-49d0-908a-be67f611d0b6",
              "isHook": false,
              "skipped": false
            },
            {
              "title": "03 - Login with valid \"locked out\" user credentials",
              "fullTitle": "Login feature SauceDemo web application 03 - Login with valid \"locked out\" user credentials",
              "timedOut": null,
              "duration": 742,
              "state": "passed",
              "speed": "fast",
              "pass": true,
              "fail": false,
              "pending": false,
              "context": null,
              "code": "const state = window.testState;\nreturn cy\n  .then(() => state.onStartScenario(scenario, indexedSteps))\n  .then(() =>\n    resolveAndRunBeforeHooks.call(this, scenario.tags, state.feature.name)\n  )\n  .then(() =>\n    indexedSteps.forEach((step) =>\n      stepTest.call(this, state, step, rowData)\n    )\n  )\n  .then(() => state.onFinishScenario(scenario));",
              "err": {},
              "uuid": "daf25017-9329-464e-ab07-2607fb35a8b8",
              "parentUUID": "a23a438e-856d-49d0-908a-be67f611d0b6",
              "isHook": false,
              "skipped": false
            },
            {
              "title": "04 - Login with invalid user credentials",
              "fullTitle": "Login feature SauceDemo web application 04 - Login with invalid user credentials",
              "timedOut": null,
              "duration": 641,
              "state": "passed",
              "speed": "fast",
              "pass": true,
              "fail": false,
              "pending": false,
              "context": null,
              "code": "const state = window.testState;\nreturn cy\n  .then(() => state.onStartScenario(scenario, indexedSteps))\n  .then(() =>\n    resolveAndRunBeforeHooks.call(this, scenario.tags, state.feature.name)\n  )\n  .then(() =>\n    indexedSteps.forEach((step) =>\n      stepTest.call(this, state, step, rowData)\n    )\n  )\n  .then(() => state.onFinishScenario(scenario));",
              "err": {},
              "uuid": "194b3a47-83f1-49a0-bbbf-083658c9efed",
              "parentUUID": "a23a438e-856d-49d0-908a-be67f611d0b6",
              "isHook": false,
              "skipped": false
            }
          ],
          "suites": [],
          "passes": [
            "5194968a-d5e2-45f6-a93a-ef40a40b21dd",
            "a68cf802-f2ca-4cae-83ea-32405ed8dc88",
            "daf25017-9329-464e-ab07-2607fb35a8b8",
            "194b3a47-83f1-49a0-bbbf-083658c9efed"
          ],
          "failures": [],
          "pending": [],
          "skipped": [],
          "duration": 8685,
          "root": false,
          "rootEmpty": false,
          "_timeout": 2000
        }
      ],
      "passes": [],
      "failures": [],
      "pending": [],
      "skipped": [],
      "duration": 0,
      "root": true,
      "rootEmpty": true,
      "_timeout": 2000
    }
  ],
  "meta": {
    "mocha": {
      "version": "7.0.1"
    },
    "mochawesome": {
      "options": {
        "quiet": false,
        "reportFilename": "mochawesome",
        "saveHtml": true,
        "saveJson": true,
        "consoleReporter": "spec",
        "useInlineDiffs": false,
        "code": true
      },
      "version": "7.1.4"
    },
    "marge": {
      "options": {
        "reportDir": "cypress/reports/mochawesome-report",
        "overwrite": false,
        "html": true,
        "json": true,
        "charts": true
      },
      "version": "6.3.0"
    }
  }
}