{
  "stats": {
    "suites": 1,
    "tests": 3,
    "passes": 3,
    "pending": 0,
    "failures": 0,
    "start": "2025-11-03T19:48:17.361Z",
    "end": "2025-11-03T19:48:22.198Z",
    "duration": 4837,
    "testsRegistered": 3,
    "passPercent": 100,
    "pendingPercent": 0,
    "other": 0,
    "hasOther": false,
    "skipped": 0,
    "hasSkipped": false
  },
  "results": [
    {
      "uuid": "b200fc57-bd97-4d03-9e06-4aabb670bc55",
      "title": "",
      "fullFile": "cypress/e2e/features/productPage.feature",
      "file": "cypress/e2e/features/productPage.feature",
      "beforeHooks": [],
      "afterHooks": [],
      "tests": [],
      "suites": [
        {
          "uuid": "8d99a96a-44cb-43ca-9e6d-a00a86e7d25c",
          "title": "Product page features in SauceDemo web application",
          "fullFile": "",
          "file": "",
          "beforeHooks": [],
          "afterHooks": [],
          "tests": [
            {
              "title": "01 - User add \"product\" to cart and validate \"product\" in cart",
              "fullTitle": "Product page features in SauceDemo web application 01 - User add \"product\" to cart and validate \"product\" in cart",
              "timedOut": null,
              "duration": 1206,
              "state": "passed",
              "speed": "fast",
              "pass": true,
              "fail": false,
              "pending": false,
              "context": null,
              "code": "const state = window.testState;\nreturn cy\n  .then(() => state.onStartScenario(scenario, indexedSteps))\n  .then(() =>\n    resolveAndRunBeforeHooks.call(this, scenario.tags, state.feature.name)\n  )\n  .then(() =>\n    indexedSteps.forEach((step) =>\n      stepTest.call(this, state, step, rowData)\n    )\n  )\n  .then(() => state.onFinishScenario(scenario));",
              "err": {},
              "uuid": "e82e661c-d4f2-466b-a395-5dd8860d3cf3",
              "parentUUID": "8d99a96a-44cb-43ca-9e6d-a00a86e7d25c",
              "isHook": false,
              "skipped": false
            },
            {
              "title": "02 - User remove \"product\" from cart through \"Product\" page",
              "fullTitle": "Product page features in SauceDemo web application 02 - User remove \"product\" from cart through \"Product\" page",
              "timedOut": null,
              "duration": 970,
              "state": "passed",
              "speed": "fast",
              "pass": true,
              "fail": false,
              "pending": false,
              "context": null,
              "code": "const state = window.testState;\nreturn cy\n  .then(() => state.onStartScenario(scenario, indexedSteps))\n  .then(() =>\n    resolveAndRunBeforeHooks.call(this, scenario.tags, state.feature.name)\n  )\n  .then(() =>\n    indexedSteps.forEach((step) =>\n      stepTest.call(this, state, step, rowData)\n    )\n  )\n  .then(() => state.onFinishScenario(scenario));",
              "err": {},
              "uuid": "5a0ba522-748c-43c2-a172-3b9a38ed4cd4",
              "parentUUID": "8d99a96a-44cb-43ca-9e6d-a00a86e7d25c",
              "isHook": false,
              "skipped": false
            },
            {
              "title": "03 - User remove \"product\" from cart through \"Cart\" page",
              "fullTitle": "Product page features in SauceDemo web application 03 - User remove \"product\" from cart through \"Cart\" page",
              "timedOut": null,
              "duration": 961,
              "state": "passed",
              "speed": "fast",
              "pass": true,
              "fail": false,
              "pending": false,
              "context": null,
              "code": "const state = window.testState;\nreturn cy\n  .then(() => state.onStartScenario(scenario, indexedSteps))\n  .then(() =>\n    resolveAndRunBeforeHooks.call(this, scenario.tags, state.feature.name)\n  )\n  .then(() =>\n    indexedSteps.forEach((step) =>\n      stepTest.call(this, state, step, rowData)\n    )\n  )\n  .then(() => state.onFinishScenario(scenario));",
              "err": {},
              "uuid": "10be2b46-8ffe-41bb-9b70-e691390e16c6",
              "parentUUID": "8d99a96a-44cb-43ca-9e6d-a00a86e7d25c",
              "isHook": false,
              "skipped": false
            }
          ],
          "suites": [],
          "passes": [
            "e82e661c-d4f2-466b-a395-5dd8860d3cf3",
            "5a0ba522-748c-43c2-a172-3b9a38ed4cd4",
            "10be2b46-8ffe-41bb-9b70-e691390e16c6"
          ],
          "failures": [],
          "pending": [],
          "skipped": [],
          "duration": 3137,
          "root": false,
          "rootEmpty": false,
          "_timeout": 2000
        }
      ],
      "passes": [],
      "failures": [],
      "pending": [],
      "skipped": [],
      "duration": 0,
      "root": true,
      "rootEmpty": true,
      "_timeout": 2000
    }
  ],
  "meta": {
    "mocha": {
      "version": "7.0.1"
    },
    "mochawesome": {
      "options": {
        "quiet": false,
        "reportFilename": "mochawesome",
        "saveHtml": true,
        "saveJson": true,
        "consoleReporter": "spec",
        "useInlineDiffs": false,
        "code": true
      },
      "version": "7.1.4"
    },
    "marge": {
      "options": {
        "reportDir": "cypress/reports/mochawesome-report",
        "overwrite": false,
        "html": true,
        "json": true,
        "charts": true
      },
      "version": "6.3.0"
    }
  }
}