{
  "stats": {
    "suites": 1,
    "tests": 6,
    "passes": 6,
    "pending": 0,
    "failures": 0,
    "start": "2025-11-03T19:08:03.436Z",
    "end": "2025-11-03T19:08:16.573Z",
    "duration": 13137,
    "testsRegistered": 6,
    "passPercent": 100,
    "pendingPercent": 0,
    "other": 0,
    "hasOther": false,
    "skipped": 0,
    "hasSkipped": false
  },
  "results": [
    {
      "uuid": "07c8eb06-c71f-4156-8cdf-81b1d7074538",
      "title": "",
      "fullFile": "cypress/e2e/features/loginPage.feature",
      "file": "cypress/e2e/features/loginPage.feature",
      "beforeHooks": [],
      "afterHooks": [],
      "tests": [],
      "suites": [
        {
          "uuid": "dda7ca48-77b7-4d2a-aa5b-0ea09d489bda",
          "title": "Login feature SauceDemo web application",
          "fullFile": "",
          "file": "",
          "beforeHooks": [],
          "afterHooks": [],
          "tests": [
            {
              "title": "01 - Login with valid \"standard\" user credentials",
              "fullTitle": "Login feature SauceDemo web application 01 - Login with valid \"standard\" user credentials",
              "timedOut": null,
              "duration": 1483,
              "state": "passed",
              "speed": "fast",
              "pass": true,
              "fail": false,
              "pending": false,
              "context": null,
              "code": "const state = window.testState;\nreturn cy\n  .then(() => state.onStartScenario(scenario, indexedSteps))\n  .then(() =>\n    resolveAndRunBeforeHooks.call(this, scenario.tags, state.feature.name)\n  )\n  .then(() =>\n    indexedSteps.forEach((step) =>\n      stepTest.call(this, state, step, rowData)\n    )\n  )\n  .then(() => state.onFinishScenario(scenario));",
              "err": {},
              "uuid": "31609bed-8a42-46e0-9e6a-bad339314af9",
              "parentUUID": "dda7ca48-77b7-4d2a-aa5b-0ea09d489bda",
              "isHook": false,
              "skipped": false
            },
            {
              "title": "02 - Login with valid \"glitch\" user credentials",
              "fullTitle": "Login feature SauceDemo web application 02 - Login with valid \"glitch\" user credentials",
              "timedOut": null,
              "duration": 6001,
              "state": "passed",
              "speed": "medium",
              "pass": true,
              "fail": false,
              "pending": false,
              "context": null,
              "code": "const state = window.testState;\nreturn cy\n  .then(() => state.onStartScenario(scenario, indexedSteps))\n  .then(() =>\n    resolveAndRunBeforeHooks.call(this, scenario.tags, state.feature.name)\n  )\n  .then(() =>\n    indexedSteps.forEach((step) =>\n      stepTest.call(this, state, step, rowData)\n    )\n  )\n  .then(() => state.onFinishScenario(scenario));",
              "err": {},
              "uuid": "fedd5e70-ca67-4dd3-82fe-23cefa7036ac",
              "parentUUID": "dda7ca48-77b7-4d2a-aa5b-0ea09d489bda",
              "isHook": false,
              "skipped": false
            },
            {
              "title": "03 - Login with valid \"locked out\" user credentials",
              "fullTitle": "Login feature SauceDemo web application 03 - Login with valid \"locked out\" user credentials",
              "timedOut": null,
              "duration": 768,
              "state": "passed",
              "speed": "fast",
              "pass": true,
              "fail": false,
              "pending": false,
              "context": null,
              "code": "const state = window.testState;\nreturn cy\n  .then(() => state.onStartScenario(scenario, indexedSteps))\n  .then(() =>\n    resolveAndRunBeforeHooks.call(this, scenario.tags, state.feature.name)\n  )\n  .then(() =>\n    indexedSteps.forEach((step) =>\n      stepTest.call(this, state, step, rowData)\n    )\n  )\n  .then(() => state.onFinishScenario(scenario));",
              "err": {},
              "uuid": "03ecdb31-66d5-495b-ae11-722193578a37",
              "parentUUID": "dda7ca48-77b7-4d2a-aa5b-0ea09d489bda",
              "isHook": false,
              "skipped": false
            },
            {
              "title": "04 - Login with invalid user credentials",
              "fullTitle": "Login feature SauceDemo web application 04 - Login with invalid user credentials",
              "timedOut": null,
              "duration": 771,
              "state": "passed",
              "speed": "fast",
              "pass": true,
              "fail": false,
              "pending": false,
              "context": null,
              "code": "const state = window.testState;\nreturn cy\n  .then(() => state.onStartScenario(scenario, indexedSteps))\n  .then(() =>\n    resolveAndRunBeforeHooks.call(this, scenario.tags, state.feature.name)\n  )\n  .then(() =>\n    indexedSteps.forEach((step) =>\n      stepTest.call(this, state, step, rowData)\n    )\n  )\n  .then(() => state.onFinishScenario(scenario));",
              "err": {},
              "uuid": "4e41c881-da9c-4061-8d4e-24760ca1cf8f",
              "parentUUID": "dda7ca48-77b7-4d2a-aa5b-0ea09d489bda",
              "isHook": false,
              "skipped": false
            },
            {
              "title": "05 - Login with empty user credentials",
              "fullTitle": "Login feature SauceDemo web application 05 - Login with empty user credentials",
              "timedOut": null,
              "duration": 518,
              "state": "passed",
              "speed": "fast",
              "pass": true,
              "fail": false,
              "pending": false,
              "context": null,
              "code": "const state = window.testState;\nreturn cy\n  .then(() => state.onStartScenario(scenario, indexedSteps))\n  .then(() =>\n    resolveAndRunBeforeHooks.call(this, scenario.tags, state.feature.name)\n  )\n  .then(() =>\n    indexedSteps.forEach((step) =>\n      stepTest.call(this, state, step, rowData)\n    )\n  )\n  .then(() => state.onFinishScenario(scenario));",
              "err": {},
              "uuid": "90f6a39e-33bd-4b4b-8896-8caedce0f3da",
              "parentUUID": "dda7ca48-77b7-4d2a-aa5b-0ea09d489bda",
              "isHook": false,
              "skipped": false
            },
            {
              "title": "06 - Logout from \"Product\" page",
              "fullTitle": "Login feature SauceDemo web application 06 - Logout from \"Product\" page",
              "timedOut": null,
              "duration": 1208,
              "state": "passed",
              "speed": "fast",
              "pass": true,
              "fail": false,
              "pending": false,
              "context": null,
              "code": "const state = window.testState;\nreturn cy\n  .then(() => state.onStartScenario(scenario, indexedSteps))\n  .then(() =>\n    resolveAndRunBeforeHooks.call(this, scenario.tags, state.feature.name)\n  )\n  .then(() =>\n    indexedSteps.forEach((step) =>\n      stepTest.call(this, state, step, rowData)\n    )\n  )\n  .then(() => state.onFinishScenario(scenario));",
              "err": {},
              "uuid": "d343cf7d-590c-4e19-a2fe-ce02ac42224d",
              "parentUUID": "dda7ca48-77b7-4d2a-aa5b-0ea09d489bda",
              "isHook": false,
              "skipped": false
            }
          ],
          "suites": [],
          "passes": [
            "31609bed-8a42-46e0-9e6a-bad339314af9",
            "fedd5e70-ca67-4dd3-82fe-23cefa7036ac",
            "03ecdb31-66d5-495b-ae11-722193578a37",
            "4e41c881-da9c-4061-8d4e-24760ca1cf8f",
            "90f6a39e-33bd-4b4b-8896-8caedce0f3da",
            "d343cf7d-590c-4e19-a2fe-ce02ac42224d"
          ],
          "failures": [],
          "pending": [],
          "skipped": [],
          "duration": 10749,
          "root": false,
          "rootEmpty": false,
          "_timeout": 2000
        }
      ],
      "passes": [],
      "failures": [],
      "pending": [],
      "skipped": [],
      "duration": 0,
      "root": true,
      "rootEmpty": true,
      "_timeout": 2000
    }
  ],
  "meta": {
    "mocha": {
      "version": "7.0.1"
    },
    "mochawesome": {
      "options": {
        "quiet": false,
        "reportFilename": "mochawesome",
        "saveHtml": true,
        "saveJson": true,
        "consoleReporter": "spec",
        "useInlineDiffs": false,
        "code": true
      },
      "version": "7.1.4"
    },
    "marge": {
      "options": {
        "reportDir": "cypress/reports/mochawesome-report",
        "overwrite": false,
        "html": true,
        "json": true,
        "charts": true
      },
      "version": "6.3.0"
    }
  }
}