{
  "stats": {
    "suites": 1,
    "tests": 3,
    "passes": 3,
    "pending": 0,
    "failures": 0,
    "start": "2025-11-03T19:08:20.626Z",
    "end": "2025-11-03T19:08:25.480Z",
    "duration": 4854,
    "testsRegistered": 3,
    "passPercent": 100,
    "pendingPercent": 0,
    "other": 0,
    "hasOther": false,
    "skipped": 0,
    "hasSkipped": false
  },
  "results": [
    {
      "uuid": "47b0f468-2165-4da1-9a43-62be77ee424d",
      "title": "",
      "fullFile": "cypress/e2e/features/productPage.feature",
      "file": "cypress/e2e/features/productPage.feature",
      "beforeHooks": [],
      "afterHooks": [],
      "tests": [],
      "suites": [
        {
          "uuid": "b743e31b-3b3e-4b71-bfa8-515d4cf1e3d7",
          "title": "Product page features in SauceDemo web application",
          "fullFile": "",
          "file": "",
          "beforeHooks": [],
          "afterHooks": [],
          "tests": [
            {
              "title": "01 - User add \"product\" to cart and validate \"product\" in cart",
              "fullTitle": "Product page features in SauceDemo web application 01 - User add \"product\" to cart and validate \"product\" in cart",
              "timedOut": null,
              "duration": 1199,
              "state": "passed",
              "speed": "fast",
              "pass": true,
              "fail": false,
              "pending": false,
              "context": null,
              "code": "const state = window.testState;\nreturn cy\n  .then(() => state.onStartScenario(scenario, indexedSteps))\n  .then(() =>\n    resolveAndRunBeforeHooks.call(this, scenario.tags, state.feature.name)\n  )\n  .then(() =>\n    indexedSteps.forEach((step) =>\n      stepTest.call(this, state, step, rowData)\n    )\n  )\n  .then(() => state.onFinishScenario(scenario));",
              "err": {},
              "uuid": "293c6d17-c3fd-4caa-9442-002c40cf3e97",
              "parentUUID": "b743e31b-3b3e-4b71-bfa8-515d4cf1e3d7",
              "isHook": false,
              "skipped": false
            },
            {
              "title": "02 - User remove \"product\" from cart through \"Product\" page",
              "fullTitle": "Product page features in SauceDemo web application 02 - User remove \"product\" from cart through \"Product\" page",
              "timedOut": null,
              "duration": 951,
              "state": "passed",
              "speed": "fast",
              "pass": true,
              "fail": false,
              "pending": false,
              "context": null,
              "code": "const state = window.testState;\nreturn cy\n  .then(() => state.onStartScenario(scenario, indexedSteps))\n  .then(() =>\n    resolveAndRunBeforeHooks.call(this, scenario.tags, state.feature.name)\n  )\n  .then(() =>\n    indexedSteps.forEach((step) =>\n      stepTest.call(this, state, step, rowData)\n    )\n  )\n  .then(() => state.onFinishScenario(scenario));",
              "err": {},
              "uuid": "48db1c7e-7c0e-46a3-8529-a1c84cbcfb31",
              "parentUUID": "b743e31b-3b3e-4b71-bfa8-515d4cf1e3d7",
              "isHook": false,
              "skipped": false
            },
            {
              "title": "03 - User remove \"product\" from cart through \"Cart\" page",
              "fullTitle": "Product page features in SauceDemo web application 03 - User remove \"product\" from cart through \"Cart\" page",
              "timedOut": null,
              "duration": 976,
              "state": "passed",
              "speed": "fast",
              "pass": true,
              "fail": false,
              "pending": false,
              "context": null,
              "code": "const state = window.testState;\nreturn cy\n  .then(() => state.onStartScenario(scenario, indexedSteps))\n  .then(() =>\n    resolveAndRunBeforeHooks.call(this, scenario.tags, state.feature.name)\n  )\n  .then(() =>\n    indexedSteps.forEach((step) =>\n      stepTest.call(this, state, step, rowData)\n    )\n  )\n  .then(() => state.onFinishScenario(scenario));",
              "err": {},
              "uuid": "e3a1e422-fc05-4cc0-83f5-98293dbec124",
              "parentUUID": "b743e31b-3b3e-4b71-bfa8-515d4cf1e3d7",
              "isHook": false,
              "skipped": false
            }
          ],
          "suites": [],
          "passes": [
            "293c6d17-c3fd-4caa-9442-002c40cf3e97",
            "48db1c7e-7c0e-46a3-8529-a1c84cbcfb31",
            "e3a1e422-fc05-4cc0-83f5-98293dbec124"
          ],
          "failures": [],
          "pending": [],
          "skipped": [],
          "duration": 3126,
          "root": false,
          "rootEmpty": false,
          "_timeout": 2000
        }
      ],
      "passes": [],
      "failures": [],
      "pending": [],
      "skipped": [],
      "duration": 0,
      "root": true,
      "rootEmpty": true,
      "_timeout": 2000
    }
  ],
  "meta": {
    "mocha": {
      "version": "7.0.1"
    },
    "mochawesome": {
      "options": {
        "quiet": false,
        "reportFilename": "mochawesome",
        "saveHtml": true,
        "saveJson": true,
        "consoleReporter": "spec",
        "useInlineDiffs": false,
        "code": true
      },
      "version": "7.1.4"
    },
    "marge": {
      "options": {
        "reportDir": "cypress/reports/mochawesome-report",
        "overwrite": false,
        "html": true,
        "json": true,
        "charts": true
      },
      "version": "6.3.0"
    }
  }
}