{
  "stats": {
    "suites": 1,
    "tests": 3,
    "passes": 3,
    "pending": 0,
    "failures": 0,
    "start": "2025-11-03T15:46:36.344Z",
    "end": "2025-11-03T15:46:41.234Z",
    "duration": 4890,
    "testsRegistered": 3,
    "passPercent": 100,
    "pendingPercent": 0,
    "other": 0,
    "hasOther": false,
    "skipped": 0,
    "hasSkipped": false
  },
  "results": [
    {
      "uuid": "a2e6bd74-088b-4bae-b298-b5abca345c4f",
      "title": "",
      "fullFile": "cypress/e2e/features/productPage.feature",
      "file": "cypress/e2e/features/productPage.feature",
      "beforeHooks": [],
      "afterHooks": [],
      "tests": [],
      "suites": [
        {
          "uuid": "83bbb678-102c-4522-b809-31cbfa1a0977",
          "title": "Product page features in SauceDemo web application",
          "fullFile": "",
          "file": "",
          "beforeHooks": [],
          "afterHooks": [],
          "tests": [
            {
              "title": "01 - User add \"product\" to cart and validate \"product\" in cart",
              "fullTitle": "Product page features in SauceDemo web application 01 - User add \"product\" to cart and validate \"product\" in cart",
              "timedOut": null,
              "duration": 1217,
              "state": "passed",
              "speed": "fast",
              "pass": true,
              "fail": false,
              "pending": false,
              "context": null,
              "code": "const state = window.testState;\nreturn cy\n  .then(() => state.onStartScenario(scenario, indexedSteps))\n  .then(() =>\n    resolveAndRunBeforeHooks.call(this, scenario.tags, state.feature.name)\n  )\n  .then(() =>\n    indexedSteps.forEach((step) =>\n      stepTest.call(this, state, step, rowData)\n    )\n  )\n  .then(() => state.onFinishScenario(scenario));",
              "err": {},
              "uuid": "42ed5386-1b14-4fbd-b724-8e12cfc0ac62",
              "parentUUID": "83bbb678-102c-4522-b809-31cbfa1a0977",
              "isHook": false,
              "skipped": false
            },
            {
              "title": "02 - User remove \"product\" from cart through \"Product\" page",
              "fullTitle": "Product page features in SauceDemo web application 02 - User remove \"product\" from cart through \"Product\" page",
              "timedOut": null,
              "duration": 902,
              "state": "passed",
              "speed": "fast",
              "pass": true,
              "fail": false,
              "pending": false,
              "context": null,
              "code": "const state = window.testState;\nreturn cy\n  .then(() => state.onStartScenario(scenario, indexedSteps))\n  .then(() =>\n    resolveAndRunBeforeHooks.call(this, scenario.tags, state.feature.name)\n  )\n  .then(() =>\n    indexedSteps.forEach((step) =>\n      stepTest.call(this, state, step, rowData)\n    )\n  )\n  .then(() => state.onFinishScenario(scenario));",
              "err": {},
              "uuid": "f919ade2-65fb-4419-a2c6-48ca2eae0d56",
              "parentUUID": "83bbb678-102c-4522-b809-31cbfa1a0977",
              "isHook": false,
              "skipped": false
            },
            {
              "title": "03 - User remove \"product\" from cart through \"Cart\" page",
              "fullTitle": "Product page features in SauceDemo web application 03 - User remove \"product\" from cart through \"Cart\" page",
              "timedOut": null,
              "duration": 1060,
              "state": "passed",
              "speed": "fast",
              "pass": true,
              "fail": false,
              "pending": false,
              "context": null,
              "code": "const state = window.testState;\nreturn cy\n  .then(() => state.onStartScenario(scenario, indexedSteps))\n  .then(() =>\n    resolveAndRunBeforeHooks.call(this, scenario.tags, state.feature.name)\n  )\n  .then(() =>\n    indexedSteps.forEach((step) =>\n      stepTest.call(this, state, step, rowData)\n    )\n  )\n  .then(() => state.onFinishScenario(scenario));",
              "err": {},
              "uuid": "1f470863-c5d8-4290-9ac1-eac4f9e8b3b5",
              "parentUUID": "83bbb678-102c-4522-b809-31cbfa1a0977",
              "isHook": false,
              "skipped": false
            }
          ],
          "suites": [],
          "passes": [
            "42ed5386-1b14-4fbd-b724-8e12cfc0ac62",
            "f919ade2-65fb-4419-a2c6-48ca2eae0d56",
            "1f470863-c5d8-4290-9ac1-eac4f9e8b3b5"
          ],
          "failures": [],
          "pending": [],
          "skipped": [],
          "duration": 3179,
          "root": false,
          "rootEmpty": false,
          "_timeout": 2000
        }
      ],
      "passes": [],
      "failures": [],
      "pending": [],
      "skipped": [],
      "duration": 0,
      "root": true,
      "rootEmpty": true,
      "_timeout": 2000
    }
  ],
  "meta": {
    "mocha": {
      "version": "7.0.1"
    },
    "mochawesome": {
      "options": {
        "quiet": false,
        "reportFilename": "mochawesome",
        "saveHtml": true,
        "saveJson": true,
        "consoleReporter": "spec",
        "useInlineDiffs": false,
        "code": true
      },
      "version": "7.1.4"
    },
    "marge": {
      "options": {
        "reportDir": "cypress/reports/mochawesome-report",
        "overwrite": false,
        "html": true,
        "json": true
      },
      "version": "6.3.0"
    }
  }
}