{
  "stats": {
    "suites": 1,
    "tests": 6,
    "passes": 6,
    "pending": 0,
    "failures": 0,
    "start": "2025-11-03T18:52:40.504Z",
    "end": "2025-11-03T18:52:52.950Z",
    "duration": 12446,
    "testsRegistered": 6,
    "passPercent": 100,
    "pendingPercent": 0,
    "other": 0,
    "hasOther": false,
    "skipped": 0,
    "hasSkipped": false
  },
  "results": [
    {
      "uuid": "8af749ba-df51-4b05-a79c-5b93ee8c72ee",
      "title": "",
      "fullFile": "cypress/e2e/features/loginPage.feature",
      "file": "cypress/e2e/features/loginPage.feature",
      "beforeHooks": [],
      "afterHooks": [],
      "tests": [],
      "suites": [
        {
          "uuid": "08e6b7a7-8c65-4a89-abfa-bd4963f99587",
          "title": "Login feature SauceDemo web application",
          "fullFile": "",
          "file": "",
          "beforeHooks": [],
          "afterHooks": [],
          "tests": [
            {
              "title": "01 - Login with valid \"standard\" user credentials",
              "fullTitle": "Login feature SauceDemo web application 01 - Login with valid \"standard\" user credentials",
              "timedOut": null,
              "duration": 1395,
              "state": "passed",
              "speed": "fast",
              "pass": true,
              "fail": false,
              "pending": false,
              "context": null,
              "code": "const state = window.testState;\nreturn cy\n  .then(() => state.onStartScenario(scenario, indexedSteps))\n  .then(() =>\n    resolveAndRunBeforeHooks.call(this, scenario.tags, state.feature.name)\n  )\n  .then(() =>\n    indexedSteps.forEach((step) =>\n      stepTest.call(this, state, step, rowData)\n    )\n  )\n  .then(() => state.onFinishScenario(scenario));",
              "err": {},
              "uuid": "8e405fc5-9e79-43e8-af8c-28be8a4a0ddd",
              "parentUUID": "08e6b7a7-8c65-4a89-abfa-bd4963f99587",
              "isHook": false,
              "skipped": false
            },
            {
              "title": "02 - Login with valid \"glitch\" user credentials",
              "fullTitle": "Login feature SauceDemo web application 02 - Login with valid \"glitch\" user credentials",
              "timedOut": null,
              "duration": 6008,
              "state": "passed",
              "speed": "medium",
              "pass": true,
              "fail": false,
              "pending": false,
              "context": null,
              "code": "const state = window.testState;\nreturn cy\n  .then(() => state.onStartScenario(scenario, indexedSteps))\n  .then(() =>\n    resolveAndRunBeforeHooks.call(this, scenario.tags, state.feature.name)\n  )\n  .then(() =>\n    indexedSteps.forEach((step) =>\n      stepTest.call(this, state, step, rowData)\n    )\n  )\n  .then(() => state.onFinishScenario(scenario));",
              "err": {},
              "uuid": "85beae33-a3b6-4f37-9938-9d0cecaee306",
              "parentUUID": "08e6b7a7-8c65-4a89-abfa-bd4963f99587",
              "isHook": false,
              "skipped": false
            },
            {
              "title": "03 - Login with valid \"locked out\" user credentials",
              "fullTitle": "Login feature SauceDemo web application 03 - Login with valid \"locked out\" user credentials",
              "timedOut": null,
              "duration": 751,
              "state": "passed",
              "speed": "fast",
              "pass": true,
              "fail": false,
              "pending": false,
              "context": null,
              "code": "const state = window.testState;\nreturn cy\n  .then(() => state.onStartScenario(scenario, indexedSteps))\n  .then(() =>\n    resolveAndRunBeforeHooks.call(this, scenario.tags, state.feature.name)\n  )\n  .then(() =>\n    indexedSteps.forEach((step) =>\n      stepTest.call(this, state, step, rowData)\n    )\n  )\n  .then(() => state.onFinishScenario(scenario));",
              "err": {},
              "uuid": "ba1f74f4-88b1-46fb-8314-27a48678f7cc",
              "parentUUID": "08e6b7a7-8c65-4a89-abfa-bd4963f99587",
              "isHook": false,
              "skipped": false
            },
            {
              "title": "04 - Login with invalid user credentials",
              "fullTitle": "Login feature SauceDemo web application 04 - Login with invalid user credentials",
              "timedOut": null,
              "duration": 641,
              "state": "passed",
              "speed": "fast",
              "pass": true,
              "fail": false,
              "pending": false,
              "context": null,
              "code": "const state = window.testState;\nreturn cy\n  .then(() => state.onStartScenario(scenario, indexedSteps))\n  .then(() =>\n    resolveAndRunBeforeHooks.call(this, scenario.tags, state.feature.name)\n  )\n  .then(() =>\n    indexedSteps.forEach((step) =>\n      stepTest.call(this, state, step, rowData)\n    )\n  )\n  .then(() => state.onFinishScenario(scenario));",
              "err": {},
              "uuid": "3cc820be-415e-4659-bea4-4b3926f61253",
              "parentUUID": "08e6b7a7-8c65-4a89-abfa-bd4963f99587",
              "isHook": false,
              "skipped": false
            },
            {
              "title": "05 - Login with empty user credentials",
              "fullTitle": "Login feature SauceDemo web application 05 - Login with empty user credentials",
              "timedOut": null,
              "duration": 514,
              "state": "passed",
              "speed": "fast",
              "pass": true,
              "fail": false,
              "pending": false,
              "context": null,
              "code": "const state = window.testState;\nreturn cy\n  .then(() => state.onStartScenario(scenario, indexedSteps))\n  .then(() =>\n    resolveAndRunBeforeHooks.call(this, scenario.tags, state.feature.name)\n  )\n  .then(() =>\n    indexedSteps.forEach((step) =>\n      stepTest.call(this, state, step, rowData)\n    )\n  )\n  .then(() => state.onFinishScenario(scenario));",
              "err": {},
              "uuid": "f4e074b9-effb-46f4-b85a-069f2e34ffe9",
              "parentUUID": "08e6b7a7-8c65-4a89-abfa-bd4963f99587",
              "isHook": false,
              "skipped": false
            },
            {
              "title": "06 - Logout from \"Product\" page",
              "fullTitle": "Login feature SauceDemo web application 06 - Logout from \"Product\" page",
              "timedOut": null,
              "duration": 1210,
              "state": "passed",
              "speed": "fast",
              "pass": true,
              "fail": false,
              "pending": false,
              "context": null,
              "code": "const state = window.testState;\nreturn cy\n  .then(() => state.onStartScenario(scenario, indexedSteps))\n  .then(() =>\n    resolveAndRunBeforeHooks.call(this, scenario.tags, state.feature.name)\n  )\n  .then(() =>\n    indexedSteps.forEach((step) =>\n      stepTest.call(this, state, step, rowData)\n    )\n  )\n  .then(() => state.onFinishScenario(scenario));",
              "err": {},
              "uuid": "f1abb806-19e6-4c89-b7a1-8b049a491197",
              "parentUUID": "08e6b7a7-8c65-4a89-abfa-bd4963f99587",
              "isHook": false,
              "skipped": false
            }
          ],
          "suites": [],
          "passes": [
            "8e405fc5-9e79-43e8-af8c-28be8a4a0ddd",
            "85beae33-a3b6-4f37-9938-9d0cecaee306",
            "ba1f74f4-88b1-46fb-8314-27a48678f7cc",
            "3cc820be-415e-4659-bea4-4b3926f61253",
            "f4e074b9-effb-46f4-b85a-069f2e34ffe9",
            "f1abb806-19e6-4c89-b7a1-8b049a491197"
          ],
          "failures": [],
          "pending": [],
          "skipped": [],
          "duration": 10519,
          "root": false,
          "rootEmpty": false,
          "_timeout": 2000
        }
      ],
      "passes": [],
      "failures": [],
      "pending": [],
      "skipped": [],
      "duration": 0,
      "root": true,
      "rootEmpty": true,
      "_timeout": 2000
    }
  ],
  "meta": {
    "mocha": {
      "version": "7.0.1"
    },
    "mochawesome": {
      "options": {
        "quiet": false,
        "reportFilename": "mochawesome",
        "saveHtml": true,
        "saveJson": true,
        "consoleReporter": "spec",
        "useInlineDiffs": false,
        "code": true
      },
      "version": "7.1.4"
    },
    "marge": {
      "options": {
        "reportDir": "cypress/reports/mochawesome-report",
        "overwrite": false,
        "html": true,
        "json": true,
        "charts": true
      },
      "version": "6.3.0"
    }
  }
}