{
  "stats": {
    "suites": 1,
    "tests": 1,
    "passes": 1,
    "pending": 0,
    "failures": 0,
    "start": "2025-11-03T19:26:45.827Z",
    "end": "2025-11-03T19:26:45.983Z",
    "duration": 156,
    "testsRegistered": 1,
    "passPercent": 100,
    "pendingPercent": 0,
    "other": 0,
    "hasOther": false,
    "skipped": 0,
    "hasSkipped": false
  },
  "results": [
    {
      "uuid": "8e3645ec-df03-4b89-9f06-e956c4529af8",
      "title": "",
      "fullFile": "cypress/e2e/api/users/createAccount.cy.js",
      "file": "cypress/e2e/api/users/createAccount.cy.js",
      "beforeHooks": [],
      "afterHooks": [],
      "tests": [],
      "suites": [
        {
          "uuid": "fe7acfc3-2407-42d8-a33a-3ba116fc9e18",
          "title": "POST /usuarios - Create new user Account (201)",
          "fullFile": "",
          "file": "",
          "beforeHooks": [],
          "afterHooks": [],
          "tests": [
            {
              "title": "must create new user successfully",
              "fullTitle": "POST /usuarios - Create new user Account (201) must create new user successfully",
              "timedOut": null,
              "duration": 118,
              "state": "passed",
              "speed": "fast",
              "pass": true,
              "fail": false,
              "pending": false,
              "context": null,
              "code": "var random = Math.floor(Math.random() * 100000);\nvar email = \"testeqa\".concat(random, \"@qa.com\");\nvar newUser = {\n  nome: 'teste',\n  email: email,\n  password: 'teste',\n  administrador: 'true'\n};\ncy.request({\n  method: 'POST',\n  url: 'https://serverest.dev/usuarios',\n  body: newUser,\n  headers: {\n    'Content-Type': 'application/json',\n    Accept: 'application/json'\n  },\n  failOnStatusCode: false\n}).then(function (response) {\n  expect(response.status).to.eq(201);\n  expect(response.body).to.have.property('message', 'Cadastro realizado com sucesso');\n  cy.log('Usuário criado:', JSON.stringify(response.body));\n  cy.log('📧 Email:', email);\n  cy.log('🔐 Senha:', newUser.password);\n});",
              "err": {},
              "uuid": "22c54c3b-57eb-44e1-935a-4dd1beedba84",
              "parentUUID": "fe7acfc3-2407-42d8-a33a-3ba116fc9e18",
              "isHook": false,
              "skipped": false
            }
          ],
          "suites": [],
          "passes": [
            "22c54c3b-57eb-44e1-935a-4dd1beedba84"
          ],
          "failures": [],
          "pending": [],
          "skipped": [],
          "duration": 118,
          "root": false,
          "rootEmpty": false,
          "_timeout": 2000
        }
      ],
      "passes": [],
      "failures": [],
      "pending": [],
      "skipped": [],
      "duration": 0,
      "root": true,
      "rootEmpty": true,
      "_timeout": 2000
    }
  ],
  "meta": {
    "mocha": {
      "version": "7.0.1"
    },
    "mochawesome": {
      "options": {
        "quiet": false,
        "reportFilename": "mochawesome",
        "saveHtml": true,
        "saveJson": true,
        "consoleReporter": "spec",
        "useInlineDiffs": false,
        "code": true
      },
      "version": "7.1.4"
    },
    "marge": {
      "options": {
        "reportDir": "cypress/reports/mochawesome-report",
        "overwrite": false,
        "html": true,
        "json": true,
        "charts": true
      },
      "version": "6.3.0"
    }
  }
}