{
  "stats": {
    "suites": 1,
    "tests": 3,
    "passes": 3,
    "pending": 0,
    "failures": 0,
    "start": "2025-11-03T18:52:56.584Z",
    "end": "2025-11-03T18:53:01.324Z",
    "duration": 4740,
    "testsRegistered": 3,
    "passPercent": 100,
    "pendingPercent": 0,
    "other": 0,
    "hasOther": false,
    "skipped": 0,
    "hasSkipped": false
  },
  "results": [
    {
      "uuid": "00aa0b6a-bf42-44db-82cc-51e6232d849b",
      "title": "",
      "fullFile": "cypress/e2e/features/productPage.feature",
      "file": "cypress/e2e/features/productPage.feature",
      "beforeHooks": [],
      "afterHooks": [],
      "tests": [],
      "suites": [
        {
          "uuid": "104b02ee-18de-417d-bd7e-dbce5d07255e",
          "title": "Product page features in SauceDemo web application",
          "fullFile": "",
          "file": "",
          "beforeHooks": [],
          "afterHooks": [],
          "tests": [
            {
              "title": "01 - User add \"product\" to cart and validate \"product\" in cart",
              "fullTitle": "Product page features in SauceDemo web application 01 - User add \"product\" to cart and validate \"product\" in cart",
              "timedOut": null,
              "duration": 1226,
              "state": "passed",
              "speed": "fast",
              "pass": true,
              "fail": false,
              "pending": false,
              "context": null,
              "code": "const state = window.testState;\nreturn cy\n  .then(() => state.onStartScenario(scenario, indexedSteps))\n  .then(() =>\n    resolveAndRunBeforeHooks.call(this, scenario.tags, state.feature.name)\n  )\n  .then(() =>\n    indexedSteps.forEach((step) =>\n      stepTest.call(this, state, step, rowData)\n    )\n  )\n  .then(() => state.onFinishScenario(scenario));",
              "err": {},
              "uuid": "0b773249-b9a3-4549-8de3-7e1d0501f6cc",
              "parentUUID": "104b02ee-18de-417d-bd7e-dbce5d07255e",
              "isHook": false,
              "skipped": false
            },
            {
              "title": "02 - User remove \"product\" from cart through \"Product\" page",
              "fullTitle": "Product page features in SauceDemo web application 02 - User remove \"product\" from cart through \"Product\" page",
              "timedOut": null,
              "duration": 924,
              "state": "passed",
              "speed": "fast",
              "pass": true,
              "fail": false,
              "pending": false,
              "context": null,
              "code": "const state = window.testState;\nreturn cy\n  .then(() => state.onStartScenario(scenario, indexedSteps))\n  .then(() =>\n    resolveAndRunBeforeHooks.call(this, scenario.tags, state.feature.name)\n  )\n  .then(() =>\n    indexedSteps.forEach((step) =>\n      stepTest.call(this, state, step, rowData)\n    )\n  )\n  .then(() => state.onFinishScenario(scenario));",
              "err": {},
              "uuid": "b88d8b17-5a79-477d-80f8-2279cf62a5de",
              "parentUUID": "104b02ee-18de-417d-bd7e-dbce5d07255e",
              "isHook": false,
              "skipped": false
            },
            {
              "title": "03 - User remove \"product\" from cart through \"Cart\" page",
              "fullTitle": "Product page features in SauceDemo web application 03 - User remove \"product\" from cart through \"Cart\" page",
              "timedOut": null,
              "duration": 1007,
              "state": "passed",
              "speed": "fast",
              "pass": true,
              "fail": false,
              "pending": false,
              "context": null,
              "code": "const state = window.testState;\nreturn cy\n  .then(() => state.onStartScenario(scenario, indexedSteps))\n  .then(() =>\n    resolveAndRunBeforeHooks.call(this, scenario.tags, state.feature.name)\n  )\n  .then(() =>\n    indexedSteps.forEach((step) =>\n      stepTest.call(this, state, step, rowData)\n    )\n  )\n  .then(() => state.onFinishScenario(scenario));",
              "err": {},
              "uuid": "e244f379-9e40-4b9a-8542-b34867f55c93",
              "parentUUID": "104b02ee-18de-417d-bd7e-dbce5d07255e",
              "isHook": false,
              "skipped": false
            }
          ],
          "suites": [],
          "passes": [
            "0b773249-b9a3-4549-8de3-7e1d0501f6cc",
            "b88d8b17-5a79-477d-80f8-2279cf62a5de",
            "e244f379-9e40-4b9a-8542-b34867f55c93"
          ],
          "failures": [],
          "pending": [],
          "skipped": [],
          "duration": 3157,
          "root": false,
          "rootEmpty": false,
          "_timeout": 2000
        }
      ],
      "passes": [],
      "failures": [],
      "pending": [],
      "skipped": [],
      "duration": 0,
      "root": true,
      "rootEmpty": true,
      "_timeout": 2000
    }
  ],
  "meta": {
    "mocha": {
      "version": "7.0.1"
    },
    "mochawesome": {
      "options": {
        "quiet": false,
        "reportFilename": "mochawesome",
        "saveHtml": true,
        "saveJson": true,
        "consoleReporter": "spec",
        "useInlineDiffs": false,
        "code": true
      },
      "version": "7.1.4"
    },
    "marge": {
      "options": {
        "reportDir": "cypress/reports/mochawesome-report",
        "overwrite": false,
        "html": true,
        "json": true,
        "charts": true
      },
      "version": "6.3.0"
    }
  }
}