{
  "stats": {
    "suites": 1,
    "tests": 6,
    "passes": 6,
    "pending": 0,
    "failures": 0,
    "start": "2025-11-03T19:17:42.444Z",
    "end": "2025-11-03T19:17:55.042Z",
    "duration": 12598,
    "testsRegistered": 6,
    "passPercent": 100,
    "pendingPercent": 0,
    "other": 0,
    "hasOther": false,
    "skipped": 0,
    "hasSkipped": false
  },
  "results": [
    {
      "uuid": "791c8970-22b5-4b4e-ae11-eab279182f1c",
      "title": "",
      "fullFile": "cypress/e2e/features/loginPage.feature",
      "file": "cypress/e2e/features/loginPage.feature",
      "beforeHooks": [],
      "afterHooks": [],
      "tests": [],
      "suites": [
        {
          "uuid": "b18cd2c1-5c4e-42ae-8067-0b95d3d80860",
          "title": "Login feature SauceDemo web application",
          "fullFile": "",
          "file": "",
          "beforeHooks": [],
          "afterHooks": [],
          "tests": [
            {
              "title": "01 - Login with valid \"standard\" user credentials",
              "fullTitle": "Login feature SauceDemo web application 01 - Login with valid \"standard\" user credentials",
              "timedOut": null,
              "duration": 1460,
              "state": "passed",
              "speed": "fast",
              "pass": true,
              "fail": false,
              "pending": false,
              "context": null,
              "code": "const state = window.testState;\nreturn cy\n  .then(() => state.onStartScenario(scenario, indexedSteps))\n  .then(() =>\n    resolveAndRunBeforeHooks.call(this, scenario.tags, state.feature.name)\n  )\n  .then(() =>\n    indexedSteps.forEach((step) =>\n      stepTest.call(this, state, step, rowData)\n    )\n  )\n  .then(() => state.onFinishScenario(scenario));",
              "err": {},
              "uuid": "37a29ac3-dc82-4841-8d93-3c3a900c490e",
              "parentUUID": "b18cd2c1-5c4e-42ae-8067-0b95d3d80860",
              "isHook": false,
              "skipped": false
            },
            {
              "title": "02 - Login with valid \"glitch\" user credentials",
              "fullTitle": "Login feature SauceDemo web application 02 - Login with valid \"glitch\" user credentials",
              "timedOut": null,
              "duration": 5978,
              "state": "passed",
              "speed": "medium",
              "pass": true,
              "fail": false,
              "pending": false,
              "context": null,
              "code": "const state = window.testState;\nreturn cy\n  .then(() => state.onStartScenario(scenario, indexedSteps))\n  .then(() =>\n    resolveAndRunBeforeHooks.call(this, scenario.tags, state.feature.name)\n  )\n  .then(() =>\n    indexedSteps.forEach((step) =>\n      stepTest.call(this, state, step, rowData)\n    )\n  )\n  .then(() => state.onFinishScenario(scenario));",
              "err": {},
              "uuid": "bc6ae5c1-e940-40cb-88d4-0df869f6eda5",
              "parentUUID": "b18cd2c1-5c4e-42ae-8067-0b95d3d80860",
              "isHook": false,
              "skipped": false
            },
            {
              "title": "03 - Login with valid \"locked out\" user credentials",
              "fullTitle": "Login feature SauceDemo web application 03 - Login with valid \"locked out\" user credentials",
              "timedOut": null,
              "duration": 737,
              "state": "passed",
              "speed": "fast",
              "pass": true,
              "fail": false,
              "pending": false,
              "context": null,
              "code": "const state = window.testState;\nreturn cy\n  .then(() => state.onStartScenario(scenario, indexedSteps))\n  .then(() =>\n    resolveAndRunBeforeHooks.call(this, scenario.tags, state.feature.name)\n  )\n  .then(() =>\n    indexedSteps.forEach((step) =>\n      stepTest.call(this, state, step, rowData)\n    )\n  )\n  .then(() => state.onFinishScenario(scenario));",
              "err": {},
              "uuid": "c99595ff-ef00-46c6-9118-45c7f8d84f8a",
              "parentUUID": "b18cd2c1-5c4e-42ae-8067-0b95d3d80860",
              "isHook": false,
              "skipped": false
            },
            {
              "title": "04 - Login with invalid user credentials",
              "fullTitle": "Login feature SauceDemo web application 04 - Login with invalid user credentials",
              "timedOut": null,
              "duration": 661,
              "state": "passed",
              "speed": "fast",
              "pass": true,
              "fail": false,
              "pending": false,
              "context": null,
              "code": "const state = window.testState;\nreturn cy\n  .then(() => state.onStartScenario(scenario, indexedSteps))\n  .then(() =>\n    resolveAndRunBeforeHooks.call(this, scenario.tags, state.feature.name)\n  )\n  .then(() =>\n    indexedSteps.forEach((step) =>\n      stepTest.call(this, state, step, rowData)\n    )\n  )\n  .then(() => state.onFinishScenario(scenario));",
              "err": {},
              "uuid": "2c92f2c9-8823-49d0-b694-2169adeecbb5",
              "parentUUID": "b18cd2c1-5c4e-42ae-8067-0b95d3d80860",
              "isHook": false,
              "skipped": false
            },
            {
              "title": "05 - Login with empty user credentials",
              "fullTitle": "Login feature SauceDemo web application 05 - Login with empty user credentials",
              "timedOut": null,
              "duration": 530,
              "state": "passed",
              "speed": "fast",
              "pass": true,
              "fail": false,
              "pending": false,
              "context": null,
              "code": "const state = window.testState;\nreturn cy\n  .then(() => state.onStartScenario(scenario, indexedSteps))\n  .then(() =>\n    resolveAndRunBeforeHooks.call(this, scenario.tags, state.feature.name)\n  )\n  .then(() =>\n    indexedSteps.forEach((step) =>\n      stepTest.call(this, state, step, rowData)\n    )\n  )\n  .then(() => state.onFinishScenario(scenario));",
              "err": {},
              "uuid": "af9c1f07-e02b-44f5-8c76-9771a98106de",
              "parentUUID": "b18cd2c1-5c4e-42ae-8067-0b95d3d80860",
              "isHook": false,
              "skipped": false
            },
            {
              "title": "06 - Logout from \"Product\" page",
              "fullTitle": "Login feature SauceDemo web application 06 - Logout from \"Product\" page",
              "timedOut": null,
              "duration": 1218,
              "state": "passed",
              "speed": "fast",
              "pass": true,
              "fail": false,
              "pending": false,
              "context": null,
              "code": "const state = window.testState;\nreturn cy\n  .then(() => state.onStartScenario(scenario, indexedSteps))\n  .then(() =>\n    resolveAndRunBeforeHooks.call(this, scenario.tags, state.feature.name)\n  )\n  .then(() =>\n    indexedSteps.forEach((step) =>\n      stepTest.call(this, state, step, rowData)\n    )\n  )\n  .then(() => state.onFinishScenario(scenario));",
              "err": {},
              "uuid": "aa80f833-1ac2-4694-8906-27bdb7491345",
              "parentUUID": "b18cd2c1-5c4e-42ae-8067-0b95d3d80860",
              "isHook": false,
              "skipped": false
            }
          ],
          "suites": [],
          "passes": [
            "37a29ac3-dc82-4841-8d93-3c3a900c490e",
            "bc6ae5c1-e940-40cb-88d4-0df869f6eda5",
            "c99595ff-ef00-46c6-9118-45c7f8d84f8a",
            "2c92f2c9-8823-49d0-b694-2169adeecbb5",
            "af9c1f07-e02b-44f5-8c76-9771a98106de",
            "aa80f833-1ac2-4694-8906-27bdb7491345"
          ],
          "failures": [],
          "pending": [],
          "skipped": [],
          "duration": 10584,
          "root": false,
          "rootEmpty": false,
          "_timeout": 2000
        }
      ],
      "passes": [],
      "failures": [],
      "pending": [],
      "skipped": [],
      "duration": 0,
      "root": true,
      "rootEmpty": true,
      "_timeout": 2000
    }
  ],
  "meta": {
    "mocha": {
      "version": "7.0.1"
    },
    "mochawesome": {
      "options": {
        "quiet": false,
        "reportFilename": "mochawesome",
        "saveHtml": true,
        "saveJson": true,
        "consoleReporter": "spec",
        "useInlineDiffs": false,
        "code": true
      },
      "version": "7.1.4"
    },
    "marge": {
      "options": {
        "reportDir": "cypress/reports/mochawesome-report",
        "overwrite": false,
        "html": true,
        "json": true,
        "charts": true
      },
      "version": "6.3.0"
    }
  }
}