{
  "stats": {
    "suites": 1,
    "tests": 3,
    "passes": 3,
    "pending": 0,
    "failures": 0,
    "start": "2025-11-03T18:26:23.447Z",
    "end": "2025-11-03T18:26:28.440Z",
    "duration": 4993,
    "testsRegistered": 3,
    "passPercent": 100,
    "pendingPercent": 0,
    "other": 0,
    "hasOther": false,
    "skipped": 0,
    "hasSkipped": false
  },
  "results": [
    {
      "uuid": "22569b91-c936-4ff2-a63c-f4a8444a8784",
      "title": "",
      "fullFile": "cypress\\e2e\\features\\productPage.feature",
      "file": "cypress\\e2e\\features\\productPage.feature",
      "beforeHooks": [],
      "afterHooks": [],
      "tests": [],
      "suites": [
        {
          "uuid": "9cb7d5f6-bf8d-47db-a5c8-9a01914d62e1",
          "title": "Product page features in SauceDemo web application",
          "fullFile": "",
          "file": "",
          "beforeHooks": [],
          "afterHooks": [],
          "tests": [
            {
              "title": "01 - User add \"product\" to cart and validate \"product\" in cart",
              "fullTitle": "Product page features in SauceDemo web application 01 - User add \"product\" to cart and validate \"product\" in cart",
              "timedOut": null,
              "duration": 1281,
              "state": "passed",
              "speed": "fast",
              "pass": true,
              "fail": false,
              "pending": false,
              "context": null,
              "code": "const state = window.testState;\nreturn cy\n  .then(() => state.onStartScenario(scenario, indexedSteps))\n  .then(() =>\n    resolveAndRunBeforeHooks.call(this, scenario.tags, state.feature.name)\n  )\n  .then(() =>\n    indexedSteps.forEach((step) =>\n      stepTest.call(this, state, step, rowData)\n    )\n  )\n  .then(() => state.onFinishScenario(scenario));",
              "err": {},
              "uuid": "a4d0c402-4d84-4f88-a5b7-b2a5d19e546c",
              "parentUUID": "9cb7d5f6-bf8d-47db-a5c8-9a01914d62e1",
              "isHook": false,
              "skipped": false
            },
            {
              "title": "02 - User remove \"product\" from cart through \"Product\" page",
              "fullTitle": "Product page features in SauceDemo web application 02 - User remove \"product\" from cart through \"Product\" page",
              "timedOut": null,
              "duration": 1088,
              "state": "passed",
              "speed": "fast",
              "pass": true,
              "fail": false,
              "pending": false,
              "context": null,
              "code": "const state = window.testState;\nreturn cy\n  .then(() => state.onStartScenario(scenario, indexedSteps))\n  .then(() =>\n    resolveAndRunBeforeHooks.call(this, scenario.tags, state.feature.name)\n  )\n  .then(() =>\n    indexedSteps.forEach((step) =>\n      stepTest.call(this, state, step, rowData)\n    )\n  )\n  .then(() => state.onFinishScenario(scenario));",
              "err": {},
              "uuid": "ac41de58-675b-4ce4-848c-8074e50bb8d0",
              "parentUUID": "9cb7d5f6-bf8d-47db-a5c8-9a01914d62e1",
              "isHook": false,
              "skipped": false
            },
            {
              "title": "03 - User remove \"product\" from cart through \"Cart\" page",
              "fullTitle": "Product page features in SauceDemo web application 03 - User remove \"product\" from cart through \"Cart\" page",
              "timedOut": null,
              "duration": 1059,
              "state": "passed",
              "speed": "fast",
              "pass": true,
              "fail": false,
              "pending": false,
              "context": null,
              "code": "const state = window.testState;\nreturn cy\n  .then(() => state.onStartScenario(scenario, indexedSteps))\n  .then(() =>\n    resolveAndRunBeforeHooks.call(this, scenario.tags, state.feature.name)\n  )\n  .then(() =>\n    indexedSteps.forEach((step) =>\n      stepTest.call(this, state, step, rowData)\n    )\n  )\n  .then(() => state.onFinishScenario(scenario));",
              "err": {},
              "uuid": "cccb25b8-5df6-4ae9-b147-e4b82f18cd62",
              "parentUUID": "9cb7d5f6-bf8d-47db-a5c8-9a01914d62e1",
              "isHook": false,
              "skipped": false
            }
          ],
          "suites": [],
          "passes": [
            "a4d0c402-4d84-4f88-a5b7-b2a5d19e546c",
            "ac41de58-675b-4ce4-848c-8074e50bb8d0",
            "cccb25b8-5df6-4ae9-b147-e4b82f18cd62"
          ],
          "failures": [],
          "pending": [],
          "skipped": [],
          "duration": 3428,
          "root": false,
          "rootEmpty": false,
          "_timeout": 2000
        }
      ],
      "passes": [],
      "failures": [],
      "pending": [],
      "skipped": [],
      "duration": 0,
      "root": true,
      "rootEmpty": true,
      "_timeout": 2000
    }
  ],
  "meta": {
    "mocha": {
      "version": "7.0.1"
    },
    "mochawesome": {
      "options": {
        "quiet": false,
        "reportFilename": "mochawesome",
        "saveHtml": true,
        "saveJson": true,
        "consoleReporter": "spec",
        "useInlineDiffs": false,
        "code": true
      },
      "version": "7.1.4"
    },
    "marge": {
      "options": {
        "reportDir": "cypress/reports/mochawesome-report",
        "overwrite": false,
        "html": true,
        "json": true,
        "charts": true
      },
      "version": "6.3.0"
    }
  }
}