{
  "stats": {
    "suites": 1,
    "tests": 5,
    "passes": 2,
    "pending": 0,
    "failures": 3,
    "start": "2025-11-03T18:26:05.357Z",
    "end": "2025-11-03T18:26:18.979Z",
    "duration": 13622,
    "testsRegistered": 5,
    "passPercent": 40,
    "pendingPercent": 0,
    "other": 0,
    "hasOther": false,
    "skipped": 0,
    "hasSkipped": false
  },
  "results": [
    {
      "uuid": "466c82f0-792e-4274-8b30-cfbed30547cf",
      "title": "",
      "fullFile": "cypress\\e2e\\features\\loginPage.feature",
      "file": "cypress\\e2e\\features\\loginPage.feature",
      "beforeHooks": [],
      "afterHooks": [],
      "tests": [],
      "suites": [
        {
          "uuid": "021d3810-5639-4553-a0f2-5cf5ce4876f6",
          "title": "Login feature SauceDemo web application",
          "fullFile": "",
          "file": "",
          "beforeHooks": [],
          "afterHooks": [],
          "tests": [
            {
              "title": "01 - Login with valid \"standard\" user credentials",
              "fullTitle": "Login feature SauceDemo web application 01 - Login with valid \"standard\" user credentials",
              "timedOut": null,
              "duration": 2370,
              "state": "passed",
              "speed": "fast",
              "pass": true,
              "fail": false,
              "pending": false,
              "context": null,
              "code": "const state = window.testState;\nreturn cy\n  .then(() => state.onStartScenario(scenario, indexedSteps))\n  .then(() =>\n    resolveAndRunBeforeHooks.call(this, scenario.tags, state.feature.name)\n  )\n  .then(() =>\n    indexedSteps.forEach((step) =>\n      stepTest.call(this, state, step, rowData)\n    )\n  )\n  .then(() => state.onFinishScenario(scenario));",
              "err": {},
              "uuid": "be54eed0-81e7-4c6a-920a-8153dfda5508",
              "parentUUID": "021d3810-5639-4553-a0f2-5cf5ce4876f6",
              "isHook": false,
              "skipped": false
            },
            {
              "title": "02 - Login with valid \"glitch\" user credentials",
              "fullTitle": "Login feature SauceDemo web application 02 - Login with valid \"glitch\" user credentials",
              "timedOut": null,
              "duration": 6047,
              "state": "passed",
              "speed": "medium",
              "pass": true,
              "fail": false,
              "pending": false,
              "context": null,
              "code": "const state = window.testState;\nreturn cy\n  .then(() => state.onStartScenario(scenario, indexedSteps))\n  .then(() =>\n    resolveAndRunBeforeHooks.call(this, scenario.tags, state.feature.name)\n  )\n  .then(() =>\n    indexedSteps.forEach((step) =>\n      stepTest.call(this, state, step, rowData)\n    )\n  )\n  .then(() => state.onFinishScenario(scenario));",
              "err": {},
              "uuid": "4e2af1d7-921c-4e2b-8443-60b2aced4db4",
              "parentUUID": "021d3810-5639-4553-a0f2-5cf5ce4876f6",
              "isHook": false,
              "skipped": false
            },
            {
              "title": "03 - Login with valid \"locked out\" user credentials",
              "fullTitle": "Login feature SauceDemo web application 03 - Login with valid \"locked out\" user credentials",
              "timedOut": null,
              "duration": 919,
              "state": "failed",
              "speed": null,
              "pass": false,
              "fail": true,
              "pending": false,
              "context": null,
              "code": "const state = window.testState;\nreturn cy\n  .then(() => state.onStartScenario(scenario, indexedSteps))\n  .then(() =>\n    resolveAndRunBeforeHooks.call(this, scenario.tags, state.feature.name)\n  )\n  .then(() =>\n    indexedSteps.forEach((step) =>\n      stepTest.call(this, state, step, rowData)\n    )\n  )\n  .then(() => state.onFinishScenario(scenario));",
              "err": {
                "message": "Error: Step implementation missing for: system must return an error message \"Epic sadface: Sorry, this user has been locked out.\"",
                "estack": "Error: Step implementation missing for: system must return an error message \"Epic sadface: Sorry, this user has been locked out.\"\n    at Context.resolveAndRunStepDefinition (node_modules/cypress-cucumber-preprocessor/lib/resolveStepDefinition.js:199:0)\n    at Context.eval (node_modules/cypress-cucumber-preprocessor/lib/createTestFromScenario.js:27:0)\n    at getRet (https://www.saucedemo.com/__cypress/runner/cypress_runner.js:118318:20)\n    at tryCatcher (https://www.saucedemo.com/__cypress/runner/cypress_runner.js:1777:23)\n    at Promise.attempt.Promise.try (https://www.saucedemo.com/__cypress/runner/cypress_runner.js:4285:29)\n    at Context.thenFn (https://www.saucedemo.com/__cypress/runner/cypress_runner.js:118329:66)\n    at Context.then (https://www.saucedemo.com/__cypress/runner/cypress_runner.js:118580:21)\n    at wrapped (https://www.saucedemo.com/__cypress/runner/cypress_runner.js:138827:19)\n    at <unknown> (https://www.saucedemo.com/__cypress/runner/cypress_runner.js:144750:15)",
                "diff": null
              },
              "uuid": "0db61f66-f195-4a41-bb9d-094c93c3f08d",
              "parentUUID": "021d3810-5639-4553-a0f2-5cf5ce4876f6",
              "isHook": false,
              "skipped": false
            },
            {
              "title": "04 - Login with invalid user credentials",
              "fullTitle": "Login feature SauceDemo web application 04 - Login with invalid user credentials",
              "timedOut": null,
              "duration": 782,
              "state": "failed",
              "speed": null,
              "pass": false,
              "fail": true,
              "pending": false,
              "context": null,
              "code": "const state = window.testState;\nreturn cy\n  .then(() => state.onStartScenario(scenario, indexedSteps))\n  .then(() =>\n    resolveAndRunBeforeHooks.call(this, scenario.tags, state.feature.name)\n  )\n  .then(() =>\n    indexedSteps.forEach((step) =>\n      stepTest.call(this, state, step, rowData)\n    )\n  )\n  .then(() => state.onFinishScenario(scenario));",
              "err": {
                "message": "Error: Step implementation missing for: system must return an error message \"Epic sadface: Username and password do not match any user in this service\"",
                "estack": "Error: Step implementation missing for: system must return an error message \"Epic sadface: Username and password do not match any user in this service\"\n    at Context.resolveAndRunStepDefinition (node_modules/cypress-cucumber-preprocessor/lib/resolveStepDefinition.js:199:0)\n    at Context.eval (node_modules/cypress-cucumber-preprocessor/lib/createTestFromScenario.js:27:0)\n    at getRet (https://www.saucedemo.com/__cypress/runner/cypress_runner.js:118318:20)\n    at tryCatcher (https://www.saucedemo.com/__cypress/runner/cypress_runner.js:1777:23)\n    at Promise.attempt.Promise.try (https://www.saucedemo.com/__cypress/runner/cypress_runner.js:4285:29)\n    at Context.thenFn (https://www.saucedemo.com/__cypress/runner/cypress_runner.js:118329:66)\n    at Context.then (https://www.saucedemo.com/__cypress/runner/cypress_runner.js:118580:21)\n    at wrapped (https://www.saucedemo.com/__cypress/runner/cypress_runner.js:138827:19)\n    at <unknown> (https://www.saucedemo.com/__cypress/runner/cypress_runner.js:144750:15)",
                "diff": null
              },
              "uuid": "433f9dd2-2ac7-4e26-bb0c-3cdbf753686f",
              "parentUUID": "021d3810-5639-4553-a0f2-5cf5ce4876f6",
              "isHook": false,
              "skipped": false
            },
            {
              "title": "05 - Login with empty user credentials",
              "fullTitle": "Login feature SauceDemo web application 05 - Login with empty user credentials",
              "timedOut": null,
              "duration": 222,
              "state": "failed",
              "speed": null,
              "pass": false,
              "fail": true,
              "pending": false,
              "context": null,
              "code": "const state = window.testState;\nreturn cy\n  .then(() => state.onStartScenario(scenario, indexedSteps))\n  .then(() =>\n    resolveAndRunBeforeHooks.call(this, scenario.tags, state.feature.name)\n  )\n  .then(() =>\n    indexedSteps.forEach((step) =>\n      stepTest.call(this, state, step, rowData)\n    )\n  )\n  .then(() => state.onFinishScenario(scenario));",
              "err": {
                "message": "Error: Step implementation missing for: the user leaves empty the user credentials in \"Login\" page",
                "estack": "Error: Step implementation missing for: the user leaves empty the user credentials in \"Login\" page\n    at Context.resolveAndRunStepDefinition (node_modules/cypress-cucumber-preprocessor/lib/resolveStepDefinition.js:199:0)\n    at Context.eval (node_modules/cypress-cucumber-preprocessor/lib/createTestFromScenario.js:27:0)\n    at getRet (https://www.saucedemo.com/__cypress/runner/cypress_runner.js:118318:20)\n    at tryCatcher (https://www.saucedemo.com/__cypress/runner/cypress_runner.js:1777:23)\n    at Promise.attempt.Promise.try (https://www.saucedemo.com/__cypress/runner/cypress_runner.js:4285:29)\n    at Context.thenFn (https://www.saucedemo.com/__cypress/runner/cypress_runner.js:118329:66)\n    at Context.then (https://www.saucedemo.com/__cypress/runner/cypress_runner.js:118580:21)\n    at wrapped (https://www.saucedemo.com/__cypress/runner/cypress_runner.js:138827:19)\n    at <unknown> (https://www.saucedemo.com/__cypress/runner/cypress_runner.js:144750:15)",
                "diff": null
              },
              "uuid": "dc745a00-e59e-4dc1-bc81-83fa72cb7ecb",
              "parentUUID": "021d3810-5639-4553-a0f2-5cf5ce4876f6",
              "isHook": false,
              "skipped": false
            }
          ],
          "suites": [],
          "passes": [
            "be54eed0-81e7-4c6a-920a-8153dfda5508",
            "4e2af1d7-921c-4e2b-8443-60b2aced4db4"
          ],
          "failures": [
            "0db61f66-f195-4a41-bb9d-094c93c3f08d",
            "433f9dd2-2ac7-4e26-bb0c-3cdbf753686f",
            "dc745a00-e59e-4dc1-bc81-83fa72cb7ecb"
          ],
          "pending": [],
          "skipped": [],
          "duration": 10340,
          "root": false,
          "rootEmpty": false,
          "_timeout": 2000
        }
      ],
      "passes": [],
      "failures": [],
      "pending": [],
      "skipped": [],
      "duration": 0,
      "root": true,
      "rootEmpty": true,
      "_timeout": 2000
    }
  ],
  "meta": {
    "mocha": {
      "version": "7.0.1"
    },
    "mochawesome": {
      "options": {
        "quiet": false,
        "reportFilename": "mochawesome",
        "saveHtml": true,
        "saveJson": true,
        "consoleReporter": "spec",
        "useInlineDiffs": false,
        "code": true
      },
      "version": "7.1.4"
    },
    "marge": {
      "options": {
        "reportDir": "cypress/reports/mochawesome-report",
        "overwrite": false,
        "html": true,
        "json": true,
        "charts": true
      },
      "version": "6.3.0"
    }
  }
}